[debug] [2023-07-09T14:14:17.511Z] ----------------------------------------------------------------------
[debug] [2023-07-09T14:14:17.513Z] Command:       C:\Program Files\nodejs\node.exe C:\Users\Administrator\AppData\Roaming\npm\node_modules\firebase-tools\lib\bin\firebase.js init
[debug] [2023-07-09T14:14:17.514Z] CLI Version:   12.4.3
[debug] [2023-07-09T14:14:17.514Z] Platform:      win32
[debug] [2023-07-09T14:14:17.514Z] Node Version:  v18.15.0
[debug] [2023-07-09T14:14:17.516Z] Time:          Sun Jul 09 2023 23:14:17 GMT+0900 (대한민국 표준시)
[debug] [2023-07-09T14:14:17.516Z] ----------------------------------------------------------------------
[debug] 
[debug] [2023-07-09T14:14:17.587Z] > command requires scopes: ["email","openid","https://www.googleapis.com/auth/cloudplatformprojects.readonly","https://www.googleapis.com/auth/firebase","https://www.googleapis.com/auth/cloud-platform"]
[debug] [2023-07-09T14:14:17.588Z] > authorizing via signed-in user (wkdfnqls2465@gmail.com)
[info] 
     ######## #### ########  ######## ########     ###     ######  ########
     ##        ##  ##     ## ##       ##     ##  ##   ##  ##       ##
     ######    ##  ########  ######   ########  #########  ######  ######
     ##        ##  ##    ##  ##       ##     ## ##     ##       ## ##
     ##       #### ##     ## ######## ########  ##     ##  ######  ########

You're about to initialize a Firebase project in this directory:

  C:\Users\Administrator\Desktop\myPage\rubinPage\my-app

Before we get started, keep in mind:

  * You are initializing within an existing Firebase project directory

